#
# There is insufficient memory for the Java Runtime Environment to continue.
# Native memory allocation (malloc) failed to allocate 675536 bytes for Chunk::new
# Possible reasons:
#   The system is out of physical RAM or swap space
#   In 32 bit mode, the process size limit was hit
# Possible solutions:
#   Reduce memory load on the system
#   Increase physical memory or swap space
#   Check if swap backing store is full
#   Use 64 bit Java on a 64 bit OS
#   Decrease Java heap size (-Xmx/-Xms)
#   Decrease number of Java threads
#   Decrease Java thread stack sizes (-Xss)
#   Set larger code cache with -XX:ReservedCodeCacheSize=
# This output file may be truncated or incomplete.
#
#  Out of Memory Error (allocation.cpp:390), pid=1520, tid=0x0000000000001058
#
# JRE version: Java(TM) SE Runtime Environment (8.0_191-b12) (build 1.8.0_191-b12)
# Java VM: Java HotSpot(TM) 64-Bit Server VM (25.191-b12 mixed mode windows-amd64 compressed oops)
# Failed to write core dump. Minidumps are not enabled by default on client versions of Windows
#

---------------  T H R E A D  ---------------

Current thread (0x000000001e6bb800):  JavaThread "C2 CompilerThread0" daemon [_thread_in_native, id=4184, stack(0x000000001fc90000,0x000000001fd90000)]

Stack: [0x000000001fc90000,0x000000001fd90000]
[error occurred during error reporting (printing stack bounds), id 0xc0000005]

Native frames: (J=compiled Java code, j=interpreted, Vv=VM code, C=native code)


Current CompileTask:
C2:   1386 2001       4       org.eclipse.sisu.plexus.RealmFilteredBeans$FilteredItr::hasNext (81 bytes)


---------------  P R O C E S S  ---------------

Java Threads: ( => current thread )
  0x000000001e774800 JavaThread "Service Thread" daemon [_thread_blocked, id=18496, stack(0x0000000020090000,0x0000000020190000)]
  0x000000001e6c6000 JavaThread "C1 CompilerThread3" daemon [_thread_blocked, id=31708, stack(0x000000001ff90000,0x0000000020090000)]
  0x000000001e6c3000 JavaThread "C2 CompilerThread2" daemon [_thread_in_native, id=7996, stack(0x000000001fe90000,0x000000001ff90000)]
  0x000000001e6c2800 JavaThread "C2 CompilerThread1" daemon [_thread_in_native, id=29480, stack(0x000000001fd90000,0x000000001fe90000)]
=>0x000000001e6bb800 JavaThread "C2 CompilerThread0" daemon [_thread_in_native, id=4184, stack(0x000000001fc90000,0x000000001fd90000)]
  0x000000001e6a2000 JavaThread "Monitor Ctrl-Break" daemon [_thread_in_native, id=33932, stack(0x000000001fb90000,0x000000001fc90000)]
  0x000000001e692000 JavaThread "Attach Listener" daemon [_thread_blocked, id=21068, stack(0x000000001fa90000,0x000000001fb90000)]
  0x000000001e63a800 JavaThread "Signal Dispatcher" daemon [_thread_blocked, id=17656, stack(0x000000001f990000,0x000000001fa90000)]
  0x000000001cf53000 JavaThread "Finalizer" daemon [_thread_blocked, id=30152, stack(0x000000001f890000,0x000000001f990000)]
  0x000000001e623000 JavaThread "Reference Handler" daemon [_thread_blocked, id=4520, stack(0x000000001f790000,0x000000001f890000)]
  0x00000000032a2800 JavaThread "main" [_thread_in_native, id=9088, stack(0x0000000002ff0000,0x00000000030f0000)]

Other Threads:
  0x000000001cf46800 VMThread [stack: 0x000000001f690000,0x000000001f790000] [id=4160]
  0x000000001e779000 WatcherThread [stack: 0x0000000020190000,0x0000000020290000] [id=6668]

VM state:not at safepoint (normal execution)

VM Mutex/Monitor currently owned by a thread: None

Heap:
 PSYoungGen      total 75776K, used 32710K [0x000000076b780000, 0x0000000770c00000, 0x00000007c0000000)
  eden space 65024K, 33% used [0x000000076b780000,0x000000076ccf2708,0x000000076f700000)
  from space 10752K, 99% used [0x0000000770180000,0x0000000770bff3f0,0x0000000770c00000)
  to   space 10752K, 0% used [0x000000076f700000,0x000000076f700000,0x0000000770180000)
 ParOldGen       total 173568K, used 1055K [0x00000006c2600000, 0x00000006ccf80000, 0x000000076b780000)
  object space 173568K, 0% used [0x00000006c2600000,0x00000006c2707fa8,0x00000006ccf80000)
 Metaspace       used 15800K, capacity 16136K, committed 16384K, reserved 1062912K
  class space    used 1900K, capacity 2011K, committed 2048K, reserved 1048576K

Card table byte_map: [0x0000000012760000,0x0000000012f50000] byte_map_base: 0x000000000f14d000

Marking Bits: (ParMarkBitMap*) 0x0000000077f73e30
 Begin Bits: [0x0000000013ea0000, 0x0000000017e08000)
 End Bits:   [0x0000000017e08000, 0x000000001bd70000)

Polling page: 0x0000000001330000

CodeCache: size=245760Kb used=7712Kb max_used=7712Kb free=238047Kb
 bounds [0x00000000033a0000, 0x0000000003b30000, 0x00000000123a0000]
 total_blobs=2659 nmethods=2290 adapters=281
 compilation: enabled

Compilation events (10 events):
Event: 1.243 Thread 0x000000001e6c6000 2059       1       org.apache.maven.model.Profile::getId (5 bytes)
Event: 1.243 Thread 0x000000001e6c6000 nmethod 2059 0x0000000003a98b10 code [0x0000000003a98c60, 0x0000000003a98d70]
Event: 1.243 Thread 0x000000001e6c6000 2060       2       java.lang.Float::isNaN (12 bytes)
Event: 1.243 Thread 0x000000001e6c6000 nmethod 2060 0x0000000003a98dd0 code [0x0000000003a98f20, 0x0000000003a99090]
Event: 1.243 Thread 0x000000001e6c6000 2061       2       org.apache.maven.model.PluginContainer::getLocation (25 bytes)
Event: 1.243 Thread 0x000000001e6c6000 nmethod 2061 0x0000000003a99110 code [0x0000000003a99280, 0x0000000003a99448]
Event: 1.244 Thread 0x000000001e6c6000 2062       2       java.util.Locale::hashCode (41 bytes)
Event: 1.244 Thread 0x000000001e6c6000 nmethod 2062 0x0000000003a99510 code [0x0000000003a99680, 0x0000000003a99878]
Event: 1.245 Thread 0x000000001e6c6000 2063       2       java.util.regex.Pattern$CharProperty::study (29 bytes)
Event: 1.245 Thread 0x000000001e6c6000 nmethod 2063 0x0000000003a99990 code [0x0000000003a99b00, 0x0000000003a99ca8]

GC Heap History (4 events):
Event: 0.715 GC heap before
{Heap before GC invocations=1 (full 0):
 PSYoungGen      total 75776K, used 65024K [0x000000076b780000, 0x0000000770c00000, 0x00000007c0000000)
  eden space 65024K, 100% used [0x000000076b780000,0x000000076f700000,0x000000076f700000)
  from space 10752K, 0% used [0x0000000770180000,0x0000000770180000,0x0000000770c00000)
  to   space 10752K, 0% used [0x000000076f700000,0x000000076f700000,0x0000000770180000)
 ParOldGen       total 173568K, used 0K [0x00000006c2600000, 0x00000006ccf80000, 0x000000076b780000)
  object space 173568K, 0% used [0x00000006c2600000,0x00000006c2600000,0x00000006ccf80000)
 Metaspace       used 11108K, capacity 11342K, committed 11520K, reserved 1058816K
  class space    used 1342K, capacity 1415K, committed 1536K, reserved 1048576K
Event: 0.720 GC heap after
Heap after GC invocations=1 (full 0):
 PSYoungGen      total 75776K, used 8721K [0x000000076b780000, 0x0000000770c00000, 0x00000007c0000000)
  eden space 65024K, 0% used [0x000000076b780000,0x000000076b780000,0x000000076f700000)
  from space 10752K, 81% used [0x000000076f700000,0x000000076ff84520,0x0000000770180000)
  to   space 10752K, 0% used [0x0000000770180000,0x0000000770180000,0x0000000770c00000)
 ParOldGen       total 173568K, used 16K [0x00000006c2600000, 0x00000006ccf80000, 0x000000076b780000)
  object space 173568K, 0% used [0x00000006c2600000,0x00000006c2604000,0x00000006ccf80000)
 Metaspace       used 11108K, capacity 11342K, committed 11520K, reserved 1058816K
  class space    used 1342K, capacity 1415K, committed 1536K, reserved 1048576K
}
Event: 1.211 GC heap before
{Heap before GC invocations=2 (full 0):
 PSYoungGen      total 75776K, used 73740K [0x000000076b780000, 0x0000000770c00000, 0x00000007c0000000)
  eden space 65024K, 99% used [0x000000076b780000,0x000000076f6fed80,0x000000076f700000)
  from space 10752K, 81% used [0x000000076f700000,0x000000076ff84520,0x0000000770180000)
  to   space 10752K, 0% used [0x0000000770180000,0x0000000770180000,0x0000000770c00000)
 ParOldGen       total 173568K, used 16K [0x00000006c2600000, 0x00000006ccf80000, 0x000000076b780000)
  object space 173568K, 0% used [0x00000006c2600000,0x00000006c2604000,0x00000006ccf80000)
 Metaspace       used 15507K, capacity 15816K, committed 16128K, reserved 1062912K
  class space    used 1889K, capacity 2011K, committed 2048K, reserved 1048576K
Event: 1.218 GC heap after
Heap after GC invocations=2 (full 0):
 PSYoungGen      total 75776K, used 10748K [0x000000076b780000, 0x0000000770c00000, 0x00000007c0000000)
  eden space 65024K, 0% used [0x000000076b780000,0x000000076b780000,0x000000076f700000)
  from space 10752K, 99% used [0x0000000770180000,0x0000000770bff3f0,0x0000000770c00000)
  to   space 10752K, 0% used [0x000000076f700000,0x000000076f700000,0x0000000770180000)
 ParOldGen       total 173568K, used 1055K [0x00000006c2600000, 0x00000006ccf80000, 0x000000076b780000)
  object space 173568K, 0% used [0x00000006c2600000,0x00000006c2707fa8,0x00000006ccf80000)
 Metaspace       used 15507K, capacity 15816K, committed 16128K, reserved 1062912K
  class space    used 1889K, capacity 2011K, committed 2048K, reserved 1048576K
}

Deoptimization events (10 events):
Event: 0.971 Thread 0x00000000032a2800 Uncommon trap: reason=unstable_if action=reinterpret pc=0x0000000003704a44 method=org.codehaus.plexus.util.xml.pull.MXParser.parseStartTag()I @ 443
Event: 1.019 Thread 0x00000000032a2800 Uncommon trap: reason=unstable_if action=reinterpret pc=0x0000000003630e58 method=java.lang.AbstractStringBuilder.append(Ljava/lang/String;)Ljava/lang/AbstractStringBuilder; @ 1
Event: 1.019 Thread 0x00000000032a2800 Uncommon trap: reason=unstable_if action=reinterpret pc=0x00000000035a5c10 method=java.lang.AbstractStringBuilder.append(Ljava/lang/String;)Ljava/lang/AbstractStringBuilder; @ 1
Event: 1.042 Thread 0x00000000032a2800 Uncommon trap: reason=unstable_if action=reinterpret pc=0x0000000003576fd0 method=java.lang.String.replace(CC)Ljava/lang/String; @ 2
Event: 1.101 Thread 0x00000000032a2800 Uncommon trap: reason=unstable_if action=reinterpret pc=0x0000000003972534 method=java.lang.reflect.AccessibleObject.setAccessible0(Ljava/lang/reflect/AccessibleObject;Z)V @ 4
Event: 1.108 Thread 0x00000000032a2800 Uncommon trap: reason=unstable_if action=reinterpret pc=0x0000000003930b00 method=org.codehaus.plexus.util.xml.pull.MXParser.nextImpl()I @ 879
Event: 1.125 Thread 0x00000000032a2800 Uncommon trap: reason=unstable_if action=reinterpret pc=0x00000000039bdaf0 method=java.lang.String.trim()Ljava/lang/String; @ 63
Event: 1.129 Thread 0x00000000032a2800 Uncommon trap: reason=unstable_if action=reinterpret pc=0x0000000003683444 method=sun.nio.cs.UTF_8$Decoder.decodeArrayLoop(Ljava/nio/ByteBuffer;Ljava/nio/CharBuffer;)Ljava/nio/charset/CoderResult; @ 84
Event: 1.133 Thread 0x00000000032a2800 Uncommon trap: reason=null_check action=make_not_entrant pc=0x00000000039edbe4 method=org.apache.maven.model.io.xpp3.MavenXpp3ReaderEx.checkFieldWithDuplicate(Lorg/codehaus/plexus/util/xml/pull/XmlPullParser;Ljava/lang/String;Ljava/lang/String;Ljava/util/
Event: 1.164 Thread 0x00000000032a2800 Uncommon trap: reason=unstable_if action=reinterpret pc=0x000000000376a28c method=java.lang.String.regionMatches(ZILjava/lang/String;II)Z @ 25

Classes redefined (0 events):
No events

Internal exceptions (10 events):
Event: 0.566 Thread 0x00000000032a2800 Exception <a 'java/lang/ArrayIndexOutOfBoundsException'> (0x000000076e006868) thrown at [C:\re\workspace\8-2-build-windows-amd64-cygwin\jdk8u191\11896\hotspot\src\share\vm\runtime\sharedRuntime.cpp, line 605]
Event: 0.566 Thread 0x00000000032a2800 Exception <a 'java/lang/ArrayIndexOutOfBoundsException'> (0x000000076e00b1c8) thrown at [C:\re\workspace\8-2-build-windows-amd64-cygwin\jdk8u191\11896\hotspot\src\share\vm\runtime\sharedRuntime.cpp, line 605]
Event: 0.594 Thread 0x00000000032a2800 Exception <a 'java/lang/ArrayIndexOutOfBoundsException': 66> (0x000000076e2db6f8) thrown at [C:\re\workspace\8-2-build-windows-amd64-cygwin\jdk8u191\11896\hotspot\src\share\vm\interpreter\interpreterRuntime.cpp, line 366]
Event: 0.897 Thread 0x00000000032a2800 Exception <a 'java/lang/NoClassDefFoundError': com/google/inject/servlet/ServletModuleTargetVisitor> (0x000000076ced15d8) thrown at [C:\re\workspace\8-2-build-windows-amd64-cygwin\jdk8u191\11896\hotspot\src\share\vm\classfile\systemDictionary.cpp, line 19
Event: 0.897 Thread 0x00000000032a2800 Exception <a 'java/lang/NoClassDefFoundError'> (0x000000076ced15d8) thrown at [C:\re\workspace\8-2-build-windows-amd64-cygwin\jdk8u191\11896\hotspot\src\share\vm\prims\jvm.cpp, line 1439]
Event: 0.898 Thread 0x00000000032a2800 Exception <a 'java/lang/NoClassDefFoundError': javax/annotation/Priority> (0x000000076ced65f8) thrown at [C:\re\workspace\8-2-build-windows-amd64-cygwin\jdk8u191\11896\hotspot\src\share\vm\classfile\systemDictionary.cpp, line 199]
Event: 0.951 Thread 0x00000000032a2800 Implicit null exception at 0x000000000355e5d8 to 0x000000000355e7c5
Event: 1.019 Thread 0x00000000032a2800 Implicit null exception at 0x0000000003630a96 to 0x0000000003630e41
Event: 1.019 Thread 0x00000000032a2800 Implicit null exception at 0x00000000035a5856 to 0x00000000035a5bf9
Event: 1.133 Thread 0x00000000032a2800 Implicit null exception at 0x00000000039ec8af to 0x00000000039edbcd

Events (10 events):
Event: 1.211 loading class org/apache/maven/model/io/xpp3/MavenXpp3Reader
Event: 1.211 loading class org/apache/maven/model/io/xpp3/MavenXpp3Reader done
Event: 1.211 Executing VM operation: ParallelGCFailedAllocation
Event: 1.218 Executing VM operation: ParallelGCFailedAllocation done
Event: 1.219 loading class org/apache/maven/model/io/xpp3/MavenXpp3Reader$ContentTransformer
Event: 1.219 loading class org/apache/maven/model/io/xpp3/MavenXpp3Reader$ContentTransformer done
Event: 1.221 loading class org/apache/maven/model/io/xpp3/MavenXpp3Reader$1
Event: 1.221 loading class org/apache/maven/model/io/xpp3/MavenXpp3Reader$1 done
Event: 1.221 loading class org/apache/maven/repository/internal/DefaultModelCache$Key
Event: 1.221 loading class org/apache/maven/repository/internal/DefaultModelCache$Key done


Dynamic libraries:
0x00007ff6d25f0000 - 0x00007ff6d2627000 	G:\Program Files\Java\jdk1.8.0_191\bin\java.exe
0x00007ffafcde0000 - 0x00007ffafcfd0000 	C:\WINDOWS\SYSTEM32\ntdll.dll
0x00007ffafb870000 - 0x00007ffafb922000 	C:\WINDOWS\System32\KERNEL32.DLL
0x00007ffafab30000 - 0x00007ffafadd3000 	C:\WINDOWS\System32\KERNELBASE.dll
0x00007ffafb350000 - 0x00007ffafb3f3000 	C:\WINDOWS\System32\ADVAPI32.dll
0x00007ffafba70000 - 0x00007ffafbb0e000 	C:\WINDOWS\System32\msvcrt.dll
0x00007ffafc4a0000 - 0x00007ffafc537000 	C:\WINDOWS\System32\sechost.dll
0x00007ffafc0b0000 - 0x00007ffafc1d0000 	C:\WINDOWS\System32\RPCRT4.dll
0x00007ffafc300000 - 0x00007ffafc494000 	C:\WINDOWS\System32\USER32.dll
0x00007ffaf9dc0000 - 0x00007ffaf9de1000 	C:\WINDOWS\System32\win32u.dll
0x00007ffafc2d0000 - 0x00007ffafc2f6000 	C:\WINDOWS\System32\GDI32.dll
0x00007ffafa890000 - 0x00007ffafaa24000 	C:\WINDOWS\System32\gdi32full.dll
0x00007ffafa770000 - 0x00007ffafa80e000 	C:\WINDOWS\System32\msvcp_win.dll
0x00007ffafaa30000 - 0x00007ffafab2a000 	C:\WINDOWS\System32\ucrtbase.dll
0x00007ffaeec30000 - 0x00007ffaeeeb5000 	C:\WINDOWS\WinSxS\amd64_microsoft.windows.common-controls_6595b64144ccf1df_6.0.18362.720_none_e6beb5c51314836b\COMCTL32.dll
0x00007ffafae90000 - 0x00007ffafb1c6000 	C:\WINDOWS\System32\combase.dll
0x00007ffafa810000 - 0x00007ffafa890000 	C:\WINDOWS\System32\bcryptPrimitives.dll
0x00007ffafb320000 - 0x00007ffafb34e000 	C:\WINDOWS\System32\IMM32.DLL
0x00000000502a0000 - 0x0000000050372000 	G:\Program Files\Java\jdk1.8.0_191\jre\bin\msvcr100.dll
0x0000000077750000 - 0x0000000077ff4000 	G:\Program Files\Java\jdk1.8.0_191\jre\bin\server\jvm.dll
0x00007ffafbf40000 - 0x00007ffafbf48000 	C:\WINDOWS\System32\PSAPI.DLL
0x00007ffae4630000 - 0x00007ffae4639000 	C:\WINDOWS\SYSTEM32\WSOCK32.dll
0x00007ffaf41c0000 - 0x00007ffaf41ca000 	C:\WINDOWS\SYSTEM32\VERSION.dll
0x00007ffaeb660000 - 0x00007ffaeb684000 	C:\WINDOWS\SYSTEM32\WINMM.dll
0x00007ffafbbe0000 - 0x00007ffafbc4f000 	C:\WINDOWS\System32\WS2_32.dll
0x00007ffaeb630000 - 0x00007ffaeb65d000 	C:\WINDOWS\SYSTEM32\winmmbase.dll
0x00007ffaf9d70000 - 0x00007ffaf9dba000 	C:\WINDOWS\System32\cfgmgr32.dll
0x0000000050290000 - 0x000000005029f000 	G:\Program Files\Java\jdk1.8.0_191\jre\bin\verify.dll
0x0000000050260000 - 0x0000000050289000 	G:\Program Files\Java\jdk1.8.0_191\jre\bin\java.dll
0x0000000050210000 - 0x0000000050233000 	G:\Program Files\Java\jdk1.8.0_191\jre\bin\instrument.dll
0x0000000050240000 - 0x0000000050256000 	G:\Program Files\Java\jdk1.8.0_191\jre\bin\zip.dll
0x00007ffafc6a0000 - 0x00007ffafcd85000 	C:\WINDOWS\System32\SHELL32.dll
0x00007ffafc540000 - 0x00007ffafc5e9000 	C:\WINDOWS\System32\shcore.dll
0x00007ffaf9df0000 - 0x00007ffafa570000 	C:\WINDOWS\System32\windows.storage.dll
0x00007ffaf9d20000 - 0x00007ffaf9d43000 	C:\WINDOWS\System32\profapi.dll
0x00007ffaf9cd0000 - 0x00007ffaf9d1a000 	C:\WINDOWS\System32\powrprof.dll
0x00007ffaf9ca0000 - 0x00007ffaf9cb0000 	C:\WINDOWS\System32\UMPDC.dll
0x00007ffafb1d0000 - 0x00007ffafb222000 	C:\WINDOWS\System32\shlwapi.dll
0x00007ffaf9cb0000 - 0x00007ffaf9cc1000 	C:\WINDOWS\System32\kernel.appcore.dll
0x00007ffafade0000 - 0x00007ffafadf7000 	C:\WINDOWS\System32\cryptsp.dll
0x00007ffaeb6d0000 - 0x00007ffaeb6ea000 	D:\IDEA_WORKSPACE\IEDA\bin\breakgen64.dll
0x00000000501f0000 - 0x000000005020a000 	G:\Program Files\Java\jdk1.8.0_191\jre\bin\net.dll
0x00007ffaf94b0000 - 0x00007ffaf9517000 	C:\WINDOWS\system32\mswsock.dll
0x00007ffaf9020000 - 0x00007ffaf9053000 	C:\WINDOWS\system32\rsaenh.dll
0x00007ffafae00000 - 0x00007ffafae26000 	C:\WINDOWS\System32\bcrypt.dll
0x00007ffaf9b90000 - 0x00007ffaf9bb5000 	C:\WINDOWS\SYSTEM32\USERENV.dll
0x00007ffaf9680000 - 0x00007ffaf968c000 	C:\WINDOWS\SYSTEM32\CRYPTBASE.dll
0x00007ffaf91c0000 - 0x00007ffaf91fa000 	C:\WINDOWS\SYSTEM32\IPHLPAPI.DLL
0x00007ffafcd90000 - 0x00007ffafcd98000 	C:\WINDOWS\System32\NSI.dll
0x00007ffaf54b0000 - 0x00007ffaf54c6000 	C:\WINDOWS\SYSTEM32\dhcpcsvc6.DLL
0x00007ffaf5490000 - 0x00007ffaf54ac000 	C:\WINDOWS\SYSTEM32\dhcpcsvc.DLL
0x00007ffaf9200000 - 0x00007ffaf92ca000 	C:\WINDOWS\SYSTEM32\DNSAPI.dll
0x00000000501d0000 - 0x00000000501e1000 	G:\Program Files\Java\jdk1.8.0_191\jre\bin\nio.dll
0x00007ffaf3bb0000 - 0x00007ffaf3bba000 	C:\Users\Administrator\AppData\Local\Temp\jansi-1.17.1-3735067655422048529.dll
0x00007ffaf1bb0000 - 0x00007ffaf1bba000 	C:\Users\Administrator\AppData\Local\Temp\jansi-1.17.1-4017838125297845529.dll

VM Arguments:
jvm_args: -Dvisualvm.id=1212129075107300 -Dmaven.multiModuleProjectDirectory=D:\IDEA_WORKSPACE\IdeaProjects\netty-im -Dmaven.home=D:\IDEA_WORKSPACE\IEDA\plugins\maven\lib\maven3 -Dclassworlds.conf=D:\IDEA_WORKSPACE\IEDA\plugins\maven\lib\maven3\bin\m2.conf -Dmaven.ext.class.path=D:\IDEA_WORKSPACE\IEDA\plugins\maven\lib\maven-event-listener.jar -javaagent:D:\IDEA_WORKSPACE\IEDA\lib\idea_rt.jar=55898:D:\IDEA_WORKSPACE\IEDA\bin -Dfile.encoding=UTF-8 
java_command: org.codehaus.classworlds.Launcher -Didea.version2019.3.4 -s F:\Program Files\apache-maven-3.6.1-bin\apache-maven-3.6.1\conf\settings.xml install
java_class_path (initial): D:\IDEA_WORKSPACE\IEDA\plugins\maven\lib\maven3\boot\plexus-classworlds-2.6.0.jar;D:\IDEA_WORKSPACE\IEDA\lib\idea_rt.jar
Launcher Type: SUN_STANDARD

Environment Variables:
JAVA_HOME=F:\jdk1.8.0_191
PATH=C:\Program Files (x86)\Common Files\NetSarang;C:\WINDOWS\system32;C:\WINDOWS;C:\WINDOWS\System32\Wbem;C:\WINDOWS\System32\WindowsPowerShell\v1.0\;C:\WINDOWS\System32\OpenSSH\;F:\jdk1.8.0_191\bin;D:\Program Files\TortoiseSVN\bin;C:\Program Files (x86)\Microsoft SQL Server\150\DTS\Binn\;C:\Users\Administrator\AppData\Local\Microsoft\WindowsApps;
USERNAME=Administrator
OS=Windows_NT
PROCESSOR_IDENTIFIER=Intel64 Family 6 Model 158 Stepping 10, GenuineIntel



---------------  S Y S T E M  ---------------

OS: Windows 10.0 , 64 bit Build 18362 (10.0.18362.329)

CPU:total 12 (initial active 12) (6 cores per cpu, 2 threads per core) family 6 model 158 stepping 10, cmov, cx8, fxsr, mmx, sse, sse2, sse3, ssse3, sse4.1, sse4.2, popcnt, avx, avx2, aes, clmul, erms, rtm, 3dnowpref, lzcnt, ht, tsc, tscinvbit, bmi1, bmi2, adx

Memory: 4k page, physical 16618336k(2518872k free), swap 33980916k(5976k free)

vm_info: Java HotSpot(TM) 64-Bit Server VM (25.191-b12) for windows-amd64 JRE (1.8.0_191-b12), built on Oct  6 2018 09:29:03 by "java_re" with MS VC++ 10.0 (VS2010)

time: Sun Apr 26 19:54:32 2020
elapsed time: 1 seconds (0d 0h 0m 1s)

